1761746155.586552 client started (80343): version 3.5a, socket /tmp/tmux-1000/default, protocol 8
1761746155.586592 on Linux 6.14.9-200.fc41.x86_64 #1 SMP PREEMPT_DYNAMIC Thu May 29 14:33:20 UTC 2025
1761746155.586610 using libevent 2.1.12-stable poll
1761746155.586620 using ncurses 6.5 20240629
1761746155.586653 flags are 0x18010000
1761746155.586681 socket is /tmp/tmux-1000/default
1761746155.586712 trying connect
1761746155.586740 connect failed: No such file or directory
1761746155.586758 lock file is /tmp/tmux-1000/default.lock
1761746155.586794 flock succeeded
1761746155.586805 got lock (6)
1761746155.586822 trying connect
1761746155.586841 connect failed: No such file or directory
1761746155.587650 add peer 0x55d27f414d70: 7 ((nil))
1761746155.589319 sending message 111 to peer 0x55d27f414d70 (8 bytes)
1761746155.590428 sending message 111 to peer 0x55d27f414d70 (8 bytes)
1761746155.590576 sending message 101 to peer 0x55d27f414d70 (15 bytes)
1761746155.590665 sending message 109 to peer 0x55d27f414d70 (4 bytes)
1761746155.590751 sending message 102 to peer 0x55d27f414d70 (11 bytes)
1761746155.590875 sending message 108 to peer 0x55d27f414d70 (60 bytes)
1761746155.590958 sending message 112 to peer 0x55d27f414d70 (58 bytes)
1761746155.591042 sending message 112 to peer 0x55d27f414d70 (5 bytes)
1761746155.591129 sending message 112 to peer 0x55d27f414d70 (5 bytes)
1761746155.591223 sending message 112 to peer 0x55d27f414d70 (6 bytes)
1761746155.591306 sending message 112 to peer 0x55d27f414d70 (6 bytes)
1761746155.591405 sending message 112 to peer 0x55d27f414d70 (11 bytes)
1761746155.593510 sending message 112 to peer 0x55d27f414d70 (10 bytes)
1761746155.593589 sending message 112 to peer 0x55d27f414d70 (13 bytes)
1761746155.593636 sending message 112 to peer 0x55d27f414d70 (14 bytes)
1761746155.593680 sending message 112 to peer 0x55d27f414d70 (19 bytes)
1761746155.593723 sending message 112 to peer 0x55d27f414d70 (11 bytes)
1761746155.593769 sending message 112 to peer 0x55d27f414d70 (10 bytes)
1761746155.593813 sending message 112 to peer 0x55d27f414d70 (15 bytes)
1761746155.593864 sending message 112 to peer 0x55d27f414d70 (21 bytes)
1761746155.593923 sending message 112 to peer 0x55d27f414d70 (13 bytes)
1761746155.594018 sending message 112 to peer 0x55d27f414d70 (7 bytes)
1761746155.594121 sending message 112 to peer 0x55d27f414d70 (13 bytes)
1761746155.594262 sending message 112 to peer 0x55d27f414d70 (7 bytes)
1761746155.594328 sending message 112 to peer 0x55d27f414d70 (13 bytes)
1761746155.594383 sending message 112 to peer 0x55d27f414d70 (9 bytes)
1761746155.594438 sending message 112 to peer 0x55d27f414d70 (21 bytes)
1761746155.594489 sending message 112 to peer 0x55d27f414d70 (13 bytes)
1761746155.594529 sending message 112 to peer 0x55d27f414d70 (9 bytes)
1761746155.594565 sending message 112 to peer 0x55d27f414d70 (16 bytes)
1761746155.594603 sending message 112 to peer 0x55d27f414d70 (13 bytes)
1761746155.594641 sending message 112 to peer 0x55d27f414d70 (9 bytes)
1761746155.594677 sending message 112 to peer 0x55d27f414d70 (9 bytes)
1761746155.594713 sending message 112 to peer 0x55d27f414d70 (12 bytes)
1761746155.594750 sending message 112 to peer 0x55d27f414d70 (8 bytes)
1761746155.594785 sending message 112 to peer 0x55d27f414d70 (8 bytes)
1761746155.594823 sending message 112 to peer 0x55d27f414d70 (13 bytes)
1761746155.594858 sending message 112 to peer 0x55d27f414d70 (7 bytes)
1761746155.594898 sending message 112 to peer 0x55d27f414d70 (7 bytes)
1761746155.594940 sending message 112 to peer 0x55d27f414d70 (9 bytes)
1761746155.594978 sending message 112 to peer 0x55d27f414d70 (9 bytes)
1761746155.595022 sending message 112 to peer 0x55d27f414d70 (15 bytes)
1761746155.595059 sending message 112 to peer 0x55d27f414d70 (13 bytes)
1761746155.595100 sending message 112 to peer 0x55d27f414d70 (12 bytes)
1761746155.595137 sending message 112 to peer 0x55d27f414d70 (8 bytes)
1761746155.595184 sending message 112 to peer 0x55d27f414d70 (14 bytes)
1761746155.595220 sending message 112 to peer 0x55d27f414d70 (11 bytes)
1761746155.595273 sending message 112 to peer 0x55d27f414d70 (9 bytes)
1761746155.595317 sending message 112 to peer 0x55d27f414d70 (10 bytes)
1761746155.595355 sending message 112 to peer 0x55d27f414d70 (10 bytes)
1761746155.595417 sending message 112 to peer 0x55d27f414d70 (10 bytes)
1761746155.595472 sending message 112 to peer 0x55d27f414d70 (10 bytes)
1761746155.595521 sending message 112 to peer 0x55d27f414d70 (11 bytes)
1761746155.595627 sending message 112 to peer 0x55d27f414d70 (12 bytes)
1761746155.595668 sending message 112 to peer 0x55d27f414d70 (12 bytes)
1761746155.595747 sending message 112 to peer 0x55d27f414d70 (12 bytes)
1761746155.595823 sending message 112 to peer 0x55d27f414d70 (12 bytes)
1761746155.595903 sending message 112 to peer 0x55d27f414d70 (12 bytes)
1761746155.595982 sending message 112 to peer 0x55d27f414d70 (11 bytes)
1761746155.596056 sending message 112 to peer 0x55d27f414d70 (11 bytes)
1761746155.596134 sending message 112 to peer 0x55d27f414d70 (12 bytes)
1761746155.596219 sending message 112 to peer 0x55d27f414d70 (12 bytes)
1761746155.596326 sending message 112 to peer 0x55d27f414d70 (12 bytes)
1761746155.596456 sending message 112 to peer 0x55d27f414d70 (12 bytes)
1761746155.596550 sending message 112 to peer 0x55d27f414d70 (12 bytes)
1761746155.596628 sending message 112 to peer 0x55d27f414d70 (9 bytes)
1761746155.596709 sending message 112 to peer 0x55d27f414d70 (12 bytes)
1761746155.596795 sending message 112 to peer 0x55d27f414d70 (13 bytes)
1761746155.596891 sending message 112 to peer 0x55d27f414d70 (13 bytes)
1761746155.596966 sending message 112 to peer 0x55d27f414d70 (13 bytes)
1761746155.597041 sending message 112 to peer 0x55d27f414d70 (13 bytes)
1761746155.597115 sending message 112 to peer 0x55d27f414d70 (13 bytes)
1761746155.597225 sending message 112 to peer 0x55d27f414d70 (8 bytes)
1761746155.597311 sending message 112 to peer 0x55d27f414d70 (11 bytes)
1761746155.597349 sending message 112 to peer 0x55d27f414d70 (11 bytes)
1761746155.597450 sending message 112 to peer 0x55d27f414d70 (11 bytes)
1761746155.597527 sending message 112 to peer 0x55d27f414d70 (12 bytes)
1761746155.597609 sending message 112 to peer 0x55d27f414d70 (12 bytes)
1761746155.597686 sending message 112 to peer 0x55d27f414d70 (12 bytes)
1761746155.597767 sending message 112 to peer 0x55d27f414d70 (12 bytes)
1761746155.597843 sending message 112 to peer 0x55d27f414d70 (13 bytes)
1761746155.597918 sending message 112 to peer 0x55d27f414d70 (13 bytes)
1761746155.597992 sending message 112 to peer 0x55d27f414d70 (13 bytes)
1761746155.598067 sending message 112 to peer 0x55d27f414d70 (8 bytes)
1761746155.598141 sending message 112 to peer 0x55d27f414d70 (13 bytes)
1761746155.598215 sending message 112 to peer 0x55d27f414d70 (13 bytes)
1761746155.598289 sending message 112 to peer 0x55d27f414d70 (13 bytes)
1761746155.598373 sending message 112 to peer 0x55d27f414d70 (13 bytes)
1761746155.598466 sending message 112 to peer 0x55d27f414d70 (13 bytes)
1761746155.598547 sending message 112 to peer 0x55d27f414d70 (12 bytes)
1761746155.598624 sending message 112 to peer 0x55d27f414d70 (12 bytes)
1761746155.598699 sending message 112 to peer 0x55d27f414d70 (12 bytes)
1761746155.598777 sending message 112 to peer 0x55d27f414d70 (12 bytes)
1761746155.598855 sending message 112 to peer 0x55d27f414d70 (13 bytes)
1761746155.598932 sending message 112 to peer 0x55d27f414d70 (8 bytes)
1761746155.599009 sending message 112 to peer 0x55d27f414d70 (13 bytes)
1761746155.599084 sending message 112 to peer 0x55d27f414d70 (13 bytes)
1761746155.599160 sending message 112 to peer 0x55d27f414d70 (13 bytes)
1761746155.599235 sending message 112 to peer 0x55d27f414d70 (13 bytes)
1761746155.599310 sending message 112 to peer 0x55d27f414d70 (13 bytes)
1761746155.599413 sending message 112 to peer 0x55d27f414d70 (13 bytes)
1761746155.599500 sending message 112 to peer 0x55d27f414d70 (13 bytes)
1761746155.599586 sending message 112 to peer 0x55d27f414d70 (12 bytes)
1761746155.599662 sending message 112 to peer 0x55d27f414d70 (12 bytes)
1761746155.599751 sending message 112 to peer 0x55d27f414d70 (12 bytes)
1761746155.599874 sending message 112 to peer 0x55d27f414d70 (8 bytes)
1761746155.599953 sending message 112 to peer 0x55d27f414d70 (12 bytes)
1761746155.600028 sending message 112 to peer 0x55d27f414d70 (13 bytes)
1761746155.600109 sending message 112 to peer 0x55d27f414d70 (13 bytes)
1761746155.600184 sending message 112 to peer 0x55d27f414d70 (13 bytes)
1761746155.600262 sending message 112 to peer 0x55d27f414d70 (13 bytes)
1761746155.600350 sending message 112 to peer 0x55d27f414d70 (13 bytes)
1761746155.600404 sending message 112 to peer 0x55d27f414d70 (13 bytes)
1761746155.600521 sending message 112 to peer 0x55d27f414d70 (13 bytes)
1761746155.600602 sending message 112 to peer 0x55d27f414d70 (13 bytes)
1761746155.600694 sending message 112 to peer 0x55d27f414d70 (12 bytes)
1761746155.600809 sending message 112 to peer 0x55d27f414d70 (10 bytes)
1761746155.600887 sending message 112 to peer 0x55d27f414d70 (12 bytes)
1761746155.600963 sending message 112 to peer 0x55d27f414d70 (12 bytes)
1761746155.601038 sending message 112 to peer 0x55d27f414d70 (12 bytes)
1761746155.601112 sending message 112 to peer 0x55d27f414d70 (13 bytes)
1761746155.601185 sending message 112 to peer 0x55d27f414d70 (13 bytes)
1761746155.601266 sending message 112 to peer 0x55d27f414d70 (13 bytes)
1761746155.601338 sending message 112 to peer 0x55d27f414d70 (13 bytes)
1761746155.601473 sending message 112 to peer 0x55d27f414d70 (13 bytes)
1761746155.601638 sending message 112 to peer 0x55d27f414d70 (13 bytes)
1761746155.601683 sending message 112 to peer 0x55d27f414d70 (13 bytes)
1761746155.601780 sending message 112 to peer 0x55d27f414d70 (10 bytes)
1761746155.601860 sending message 112 to peer 0x55d27f414d70 (13 bytes)
1761746155.601935 sending message 112 to peer 0x55d27f414d70 (12 bytes)
1761746155.601969 sending message 112 to peer 0x55d27f414d70 (12 bytes)
1761746155.602086 sending message 112 to peer 0x55d27f414d70 (12 bytes)
1761746155.602160 sending message 112 to peer 0x55d27f414d70 (10 bytes)
1761746155.602234 sending message 112 to peer 0x55d27f414d70 (10 bytes)
1761746155.602417 sending message 112 to peer 0x55d27f414d70 (10 bytes)
1761746155.602434 sending message 112 to peer 0x55d27f414d70 (12 bytes)
1761746155.602445 sending message 112 to peer 0x55d27f414d70 (13 bytes)
1761746155.602454 sending message 112 to peer 0x55d27f414d70 (13 bytes)
1761746155.602463 sending message 112 to peer 0x55d27f414d70 (13 bytes)
1761746155.602472 sending message 112 to peer 0x55d27f414d70 (13 bytes)
1761746155.602481 sending message 112 to peer 0x55d27f414d70 (13 bytes)
1761746155.602490 sending message 112 to peer 0x55d27f414d70 (10 bytes)
1761746155.602500 sending message 112 to peer 0x55d27f414d70 (11 bytes)
1761746155.602510 sending message 112 to peer 0x55d27f414d70 (12 bytes)
1761746155.602519 sending message 112 to peer 0x55d27f414d70 (12 bytes)
1761746155.602528 sending message 112 to peer 0x55d27f414d70 (12 bytes)
1761746155.602537 sending message 112 to peer 0x55d27f414d70 (12 bytes)
1761746155.602546 sending message 112 to peer 0x55d27f414d70 (12 bytes)
1761746155.602555 sending message 112 to peer 0x55d27f414d70 (11 bytes)
1761746155.602564 sending message 112 to peer 0x55d27f414d70 (12 bytes)
1761746155.602573 sending message 112 to peer 0x55d27f414d70 (12 bytes)
1761746155.602582 sending message 112 to peer 0x55d27f414d70 (13 bytes)
1761746155.602591 sending message 112 to peer 0x55d27f414d70 (13 bytes)
1761746155.602601 sending message 112 to peer 0x55d27f414d70 (13 bytes)
1761746155.602610 sending message 112 to peer 0x55d27f414d70 (13 bytes)
1761746155.602619 sending message 112 to peer 0x55d27f414d70 (13 bytes)
1761746155.602629 sending message 112 to peer 0x55d27f414d70 (10 bytes)
1761746155.602638 sending message 112 to peer 0x55d27f414d70 (9 bytes)
1761746155.602647 sending message 112 to peer 0x55d27f414d70 (12 bytes)
1761746155.602657 sending message 112 to peer 0x55d27f414d70 (13 bytes)
1761746155.602666 sending message 112 to peer 0x55d27f414d70 (13 bytes)
1761746155.602682 sending message 112 to peer 0x55d27f414d70 (13 bytes)
1761746155.602699 sending message 112 to peer 0x55d27f414d70 (13 bytes)
1761746155.602709 sending message 112 to peer 0x55d27f414d70 (13 bytes)
1761746155.602718 sending message 112 to peer 0x55d27f414d70 (9 bytes)
1761746155.602728 sending message 112 to peer 0x55d27f414d70 (12 bytes)
1761746155.602737 sending message 112 to peer 0x55d27f414d70 (13 bytes)
1761746155.602746 sending message 112 to peer 0x55d27f414d70 (13 bytes)
1761746155.602755 sending message 112 to peer 0x55d27f414d70 (13 bytes)
1761746155.602764 sending message 112 to peer 0x55d27f414d70 (13 bytes)
1761746155.602773 sending message 112 to peer 0x55d27f414d70 (13 bytes)
1761746155.602783 sending message 112 to peer 0x55d27f414d70 (11 bytes)
1761746155.602792 sending message 112 to peer 0x55d27f414d70 (12 bytes)
1761746155.602801 sending message 112 to peer 0x55d27f414d70 (13 bytes)
1761746155.602811 sending message 112 to peer 0x55d27f414d70 (13 bytes)
1761746155.602820 sending message 112 to peer 0x55d27f414d70 (13 bytes)
1761746155.602830 sending message 112 to peer 0x55d27f414d70 (13 bytes)
1761746155.602839 sending message 112 to peer 0x55d27f414d70 (13 bytes)
1761746155.602848 sending message 112 to peer 0x55d27f414d70 (11 bytes)
1761746155.602857 sending message 112 to peer 0x55d27f414d70 (12 bytes)
1761746155.602866 sending message 112 to peer 0x55d27f414d70 (12 bytes)
1761746155.602875 sending message 112 to peer 0x55d27f414d70 (12 bytes)
1761746155.602884 sending message 112 to peer 0x55d27f414d70 (12 bytes)
1761746155.602894 sending message 112 to peer 0x55d27f414d70 (12 bytes)
1761746155.602905 sending message 112 to peer 0x55d27f414d70 (21 bytes)
1761746155.602914 sending message 112 to peer 0x55d27f414d70 (12 bytes)
1761746155.602923 sending message 112 to peer 0x55d27f414d70 (9 bytes)
1761746155.602932 sending message 112 to peer 0x55d27f414d70 (6 bytes)
1761746155.602942 sending message 112 to peer 0x55d27f414d70 (13 bytes)
1761746155.602951 sending message 112 to peer 0x55d27f414d70 (10 bytes)
1761746155.602960 sending message 112 to peer 0x55d27f414d70 (24 bytes)
1761746155.602969 sending message 112 to peer 0x55d27f414d70 (13 bytes)
1761746155.602979 sending message 112 to peer 0x55d27f414d70 (9 bytes)
1761746155.602988 sending message 112 to peer 0x55d27f414d70 (70 bytes)
1761746155.602998 sending message 112 to peer 0x55d27f414d70 (69 bytes)
1761746155.603008 sending message 112 to peer 0x55d27f414d70 (12 bytes)
1761746155.603017 sending message 112 to peer 0x55d27f414d70 (10 bytes)
1761746155.603026 sending message 112 to peer 0x55d27f414d70 (10 bytes)
1761746155.603036 sending message 112 to peer 0x55d27f414d70 (24 bytes)
1761746155.603045 sending message 112 to peer 0x55d27f414d70 (13 bytes)
1761746155.603054 sending message 112 to peer 0x55d27f414d70 (10 bytes)
1761746155.603063 sending message 112 to peer 0x55d27f414d70 (10 bytes)
1761746155.603072 sending message 112 to peer 0x55d27f414d70 (10 bytes)
1761746155.603081 sending message 112 to peer 0x55d27f414d70 (13 bytes)
1761746155.603091 sending message 112 to peer 0x55d27f414d70 (15 bytes)
1761746155.603101 sending message 112 to peer 0x55d27f414d70 (5 bytes)
1761746155.603112 sending message 104 to peer 0x55d27f414d70 (0 bytes)
1761746155.603123 sending message 110 to peer 0x55d27f414d70 (0 bytes)
1761746155.603134 sending message 107 to peer 0x55d27f414d70 (4 bytes)
1761746155.603143 sending message 105 to peer 0x55d27f414d70 (15 bytes)
1761746155.603152 sending message 105 to peer 0x55d27f414d70 (20 bytes)
1761746155.603161 sending message 105 to peer 0x55d27f414d70 (54 bytes)
1761746155.603171 sending message 105 to peer 0x55d27f414d70 (40 bytes)
1761746155.603180 sending message 105 to peer 0x55d27f414d70 (55 bytes)
1761746155.603190 sending message 105 to peer 0x55d27f414d70 (23 bytes)
1761746155.603200 sending message 105 to peer 0x55d27f414d70 (11 bytes)
1761746155.603210 sending message 105 to peer 0x55d27f414d70 (21 bytes)
1761746155.603219 sending message 105 to peer 0x55d27f414d70 (25 bytes)
1761746155.603233 sending message 105 to peer 0x55d27f414d70 (19 bytes)
1761746155.603246 sending message 105 to peer 0x55d27f414d70 (41 bytes)
1761746155.603256 sending message 105 to peer 0x55d27f414d70 (71 bytes)
1761746155.603266 sending message 105 to peer 0x55d27f414d70 (23 bytes)
1761746155.603275 sending message 105 to peer 0x55d27f414d70 (15 bytes)
1761746155.603285 sending message 105 to peer 0x55d27f414d70 (16 bytes)
1761746155.603296 sending message 105 to peer 0x55d27f414d70 (16 bytes)
1761746155.603305 sending message 105 to peer 0x55d27f414d70 (43 bytes)
1761746155.603315 sending message 105 to peer 0x55d27f414d70 (33 bytes)
1761746155.603324 sending message 105 to peer 0x55d27f414d70 (34 bytes)
1761746155.603333 sending message 105 to peer 0x55d27f414d70 (47 bytes)
1761746155.603342 sending message 105 to peer 0x55d27f414d70 (23 bytes)
1761746155.603352 sending message 105 to peer 0x55d27f414d70 (13 bytes)
1761746155.603371 sending message 105 to peer 0x55d27f414d70 (28 bytes)
1761746155.603382 sending message 105 to peer 0x55d27f414d70 (22 bytes)
1761746155.603391 sending message 105 to peer 0x55d27f414d70 (21 bytes)
1761746155.603401 sending message 105 to peer 0x55d27f414d70 (22 bytes)
1761746155.603411 sending message 105 to peer 0x55d27f414d70 (36 bytes)
1761746155.603420 sending message 105 to peer 0x55d27f414d70 (28 bytes)
1761746155.603429 sending message 105 to peer 0x55d27f414d70 (33 bytes)
1761746155.603439 sending message 105 to peer 0x55d27f414d70 (31 bytes)
1761746155.603448 sending message 105 to peer 0x55d27f414d70 (23 bytes)
1761746155.603457 sending message 105 to peer 0x55d27f414d70 (17 bytes)
1761746155.603466 sending message 105 to peer 0x55d27f414d70 (10 bytes)
1761746155.603481 sending message 105 to peer 0x55d27f414d70 (35 bytes)
1761746155.603490 sending message 105 to peer 0x55d27f414d70 (13 bytes)
1761746155.603500 sending message 105 to peer 0x55d27f414d70 (733 bytes)
1761746155.603511 sending message 105 to peer 0x55d27f414d70 (26 bytes)
1761746155.603521 sending message 105 to peer 0x55d27f414d70 (16 bytes)
1761746155.603530 sending message 105 to peer 0x55d27f414d70 (140 bytes)
1761746155.603539 sending message 105 to peer 0x55d27f414d70 (51 bytes)
1761746155.603549 sending message 105 to peer 0x55d27f414d70 (73 bytes)
1761746155.603558 sending message 105 to peer 0x55d27f414d70 (18 bytes)
1761746155.603567 sending message 105 to peer 0x55d27f414d70 (50 bytes)
1761746155.603576 sending message 105 to peer 0x55d27f414d70 (110 bytes)
1761746155.603585 sending message 105 to peer 0x55d27f414d70 (13 bytes)
1761746155.603596 sending message 105 to peer 0x55d27f414d70 (64 bytes)
1761746155.603606 sending message 105 to peer 0x55d27f414d70 (30 bytes)
1761746155.603615 sending message 105 to peer 0x55d27f414d70 (17 bytes)
1761746155.603624 sending message 105 to peer 0x55d27f414d70 (23 bytes)
1761746155.603633 sending message 105 to peer 0x55d27f414d70 (78 bytes)
1761746155.603642 sending message 105 to peer 0x55d27f414d70 (19 bytes)
1761746155.603651 sending message 105 to peer 0x55d27f414d70 (50 bytes)
1761746155.603660 sending message 105 to peer 0x55d27f414d70 (33 bytes)
1761746155.603670 sending message 105 to peer 0x55d27f414d70 (46 bytes)
1761746155.603679 sending message 105 to peer 0x55d27f414d70 (22 bytes)
1761746155.603688 sending message 105 to peer 0x55d27f414d70 (37 bytes)
1761746155.603698 sending message 105 to peer 0x55d27f414d70 (20 bytes)
1761746155.603708 sending message 105 to peer 0x55d27f414d70 (10 bytes)
1761746155.603717 sending message 105 to peer 0x55d27f414d70 (26 bytes)
1761746155.603727 sending message 105 to peer 0x55d27f414d70 (11 bytes)
1761746155.603736 sending message 105 to peer 0x55d27f414d70 (39 bytes)
1761746155.603745 sending message 105 to peer 0x55d27f414d70 (104 bytes)
1761746155.603754 sending message 105 to peer 0x55d27f414d70 (24 bytes)
1761746155.603763 sending message 105 to peer 0x55d27f414d70 (142 bytes)
1761746155.603772 sending message 105 to peer 0x55d27f414d70 (24 bytes)
1761746155.603781 sending message 105 to peer 0x55d27f414d70 (31 bytes)
1761746155.603804 sending message 105 to peer 0x55d27f414d70 (15 bytes)
1761746155.603818 sending message 105 to peer 0x55d27f414d70 (52 bytes)
1761746155.603827 sending message 105 to peer 0x55d27f414d70 (23 bytes)
1761746155.603837 sending message 105 to peer 0x55d27f414d70 (24 bytes)
1761746155.603847 sending message 105 to peer 0x55d27f414d70 (17 bytes)
1761746155.603856 sending message 105 to peer 0x55d27f414d70 (58 bytes)
1761746155.603865 sending message 105 to peer 0x55d27f414d70 (25 bytes)
1761746155.603875 sending message 105 to peer 0x55d27f414d70 (11 bytes)
1761746155.603884 sending message 105 to peer 0x55d27f414d70 (22 bytes)
1761746155.603895 sending message 105 to peer 0x55d27f414d70 (24 bytes)
1761746155.603906 sending message 105 to peer 0x55d27f414d70 (20 bytes)
1761746155.603916 sending message 105 to peer 0x55d27f414d70 (8 bytes)
1761746155.603926 sending message 105 to peer 0x55d27f414d70 (26 bytes)
1761746155.603936 sending message 105 to peer 0x55d27f414d70 (11 bytes)
1761746155.603945 sending message 105 to peer 0x55d27f414d70 (8 bytes)
1761746155.603955 sending message 105 to peer 0x55d27f414d70 (32 bytes)
1761746155.603964 sending message 105 to peer 0x55d27f414d70 (16 bytes)
1761746155.603974 sending message 106 to peer 0x55d27f414d70 (0 bytes)
1761746155.604062 sending message 200 to peer 0x55d27f414d70 (4 bytes)
1761746155.604076 client loop enter
1761746155.604104 client_signal: Child exited
1761746155.896911 peer 0x55d27f414d70 message 207
1761746155.896927 sending message 208 to peer 0x55d27f414d70 (0 bytes)
1761746162.031867 peer 0x55d27f414d70 message 203
1761746162.031889 sending message 205 to peer 0x55d27f414d70 (0 bytes)
1761746162.032495 peer 0x55d27f414d70 message 204
1761746162.032513 client loop exit
